<?xml version="1.0" encoding="UTF-8"?>
<!-- Generated by org.testng.reporters.JUnitReportReporter -->
<testsuite hostname="Aryans-MacBook-Pro.local" failures="0" tests="1" name="Widgets.Tabs" time="1.715" errors="0" timestamp="2025-08-20T19:34:26 IST" skipped="0">
  <testcase classname="Widgets.Tabs" name="verifyTabs" time="1.715"/>
</testsuite> <!-- Widgets.Tabs -->
