<?xml version="1.0" encoding="UTF-8"?>
<!-- Generated by org.testng.reporters.JUnitReportReporter -->
<testsuite hostname="Aryans-MacBook-Pro.local" failures="0" tests="1" name="Widgets.Select_Menu" time="10.764" errors="0" timestamp="2025-08-23T20:50:17 IST" skipped="0">
  <testcase classname="Widgets.Select_Menu" name="verifySelectMenu" time="10.764"/>
</testsuite> <!-- Widgets.Select_Menu -->
