<?xml version="1.0" encoding="UTF-8"?>
<!-- Generated by org.testng.reporters.JUnitReportReporter -->
<testsuite hostname="Aryans-MacBook-Pro.local" failures="0" tests="1" name="Alerts_Frame_Windows.Alerts" time="12.849" errors="0" timestamp="2025-07-20T14:44:19 IST" skipped="0">
  <testcase classname="Alerts_Frame_Windows.Alerts" name="verify_alerts" time="12.849"/>
</testsuite> <!-- Alerts_Frame_Windows.Alerts -->
