<?xml version="1.0" encoding="UTF-8"?>
<!-- Generated by org.testng.reporters.JUnitReportReporter -->
<testsuite hostname="Aryans-MacBook-Pro.local" failures="0" tests="3" name="Widgets.Date_Picker" time="2.261" errors="0" timestamp="2025-08-19T18:58:29 IST" skipped="0">
  <testcase classname="Widgets.Date_Picker" name="verifyDataAndTime" time="0.742"/>
  <testcase classname="Widgets.Date_Picker" name="verifyDataAndTime" time="0.644"/>
  <testcase classname="Widgets.Date_Picker" name="verifyDataAndTime" time="0.875"/>
</testsuite> <!-- Widgets.Date_Picker -->
