<?xml version="1.0" encoding="UTF-8"?>
<!-- Generated by org.testng.reporters.JUnitReportReporter -->
<testsuite hostname="Aryans-MacBook-Pro.local" failures="0" tests="1" name="Interactions.Resizable" time="0.422" errors="0" timestamp="2025-08-26T08:57:33 IST" skipped="0">
  <testcase classname="Interactions.Resizable" name="verifyResizable" time="0.422"/>
</testsuite> <!-- Interactions.Resizable -->
