<?xml version="1.0" encoding="UTF-8"?>
<!-- Generated by org.testng.reporters.JUnitReportReporter -->
<testsuite hostname="Aryans-MacBook-Pro.local" failures="0" tests="1" name="Interactions.Selectable" time="10.976" errors="0" timestamp="2025-08-25T20:10:02 IST" skipped="0">
  <testcase classname="Interactions.Selectable" name="verifySelectable" time="10.976"/>
</testsuite> <!-- Interactions.Selectable -->
