<?xml version="1.0" encoding="UTF-8"?>
<!-- Generated by org.testng.reporters.JUnitReportReporter -->
<testsuite hostname="Aryans-MacBook-Pro.local" failures="0" tests="7" name="Elements.Links" time="28.800" errors="0" timestamp="2025-07-01T17:51:44 IST" skipped="0">
  <testcase classname="Elements.Links" name="verify_apiCallLinks" time="4.116"/>
  <testcase classname="Elements.Links" name="verify_apiCallLinks" time="4.114"/>
  <testcase classname="Elements.Links" name="verify_apiCallLinks" time="4.100"/>
  <testcase classname="Elements.Links" name="verify_apiCallLinks" time="4.161"/>
  <testcase classname="Elements.Links" name="verify_apiCallLinks" time="4.102"/>
  <testcase classname="Elements.Links" name="verify_apiCallLinks" time="4.103"/>
  <testcase classname="Elements.Links" name="verify_apiCallLinks" time="4.104"/>
</testsuite> <!-- Elements.Links -->
