<?xml version="1.0" encoding="UTF-8"?>
<!-- Generated by org.testng.reporters.JUnitReportReporter -->
<testsuite hostname="Aryans-MacBook-Pro.local" failures="0" tests="1" name="Forms.Practice_Form" time="11.417" errors="0" timestamp="2025-07-08T01:00:29 IST" skipped="0">
  <testcase classname="Forms.Practice_Form" name="verify_PracticeForm" time="11.417"/>
</testsuite> <!-- Forms.Practice_Form -->
