<?xml version="1.0" encoding="UTF-8"?>
<!-- Generated by org.testng.reporters.JUnitReportReporter -->
<testsuite hostname="Aryans-MacBook-Pro.local" failures="0" tests="1" name="Elements.BrokenLinks_Images" time="22.671" errors="0" timestamp="2025-07-03T00:59:47 IST" skipped="0">
  <testcase classname="Elements.BrokenLinks_Images" name="verify_brokenImages" time="22.671"/>
</testsuite> <!-- Elements.BrokenLinks_Images -->
