<?xml version="1.0" encoding="UTF-8"?>
<!-- Generated by org.testng.reporters.JUnitReportReporter -->
<testsuite hostname="Aryans-MacBook-Pro.local" failures="0" tests="1" name="Elements.Dynamic_Properties" time="17.948" errors="0" timestamp="2025-07-04T00:34:20 IST" skipped="0">
  <testcase classname="Elements.Dynamic_Properties" name="verify_dynamicProperties" time="17.948"/>
</testsuite> <!-- Elements.Dynamic_Properties -->
