<?xml version="1.0" encoding="UTF-8"?>
<!-- Generated by org.testng.reporters.JUnitReportReporter -->
<testsuite hostname="Aryans-MacBook-Pro.local" failures="0" tests="1" name="Interactions.Sortable" time="4.323" errors="0" timestamp="2025-08-25T08:39:57 IST" skipped="0">
  <testcase classname="Interactions.Sortable" name="verifySortable" time="4.323"/>
</testsuite> <!-- Interactions.Sortable -->
