<?xml version="1.0" encoding="UTF-8"?>
<!-- Generated by org.testng.reporters.JUnitReportReporter -->
<testsuite hostname="Aryans-MacBook-Pro.local" failures="0" tests="1" name="Widgets.Slider" time="0.833" errors="0" timestamp="2025-08-19T19:42:25 IST" skipped="0">
  <testcase classname="Widgets.Slider" name="verifySlider" time="0.833"/>
</testsuite> <!-- Widgets.Slider -->
