<?xml version="1.0" encoding="UTF-8"?>
<!-- Generated by org.testng.reporters.JUnitReportReporter -->
<testsuite hostname="Aryans-MacBook-Pro.local" failures="0" tests="1" name="Widgets.Tool_Tips" time="8.967" errors="0" timestamp="2025-08-21T20:09:36 IST" skipped="0">
  <testcase classname="Widgets.Tool_Tips" name="verifyToolTip" time="8.967"/>
</testsuite> <!-- Widgets.Tool_Tips -->
