<?xml version="1.0" encoding="UTF-8"?>
<!-- Generated by org.testng.reporters.JUnitReportReporter -->
<testsuite hostname="Aryans-MacBook-Pro.local" failures="0" tests="1" name="Widgets.Auto_Complete" time="11.186" errors="0" timestamp="2025-08-18T08:48:35 IST" skipped="0">
  <testcase classname="Widgets.Auto_Complete" name="verifyAddAutoComplete" time="11.186"/>
</testsuite> <!-- Widgets.Auto_Complete -->
