<?xml version="1.0" encoding="UTF-8"?>
<!-- Generated by org.testng.reporters.JUnitReportReporter -->
<testsuite hostname="Aryans-MacBook-Pro.local" failures="0" tests="1" name="Widgets.Accordian" time="9.890" errors="0" timestamp="2025-07-21T14:18:26 IST" skipped="0">
  <testcase classname="Widgets.Accordian" name="verify_accordian" time="9.890"/>
</testsuite> <!-- Widgets.Accordian -->
