<?xml version="1.0" encoding="UTF-8"?>
<!-- Generated by org.testng.reporters.JUnitReportReporter -->
<testsuite hostname="Aryans-MacBook-Pro.local" failures="0" tests="1" name="Interactions.Droppable" time="0.459" errors="0" timestamp="2025-08-28T08:10:24 IST" skipped="0">
  <testcase classname="Interactions.Droppable" name="verifyPreventPropogation" time="0.459"/>
</testsuite> <!-- Interactions.Droppable -->
